<?xml version="1.0" encoding="UTF-8"?>
<!-- Generated by org.testng.reporters.JUnitReportReporter -->
<testsuite skipped="0" hostname="SHREE-LAPTOP" name="com.eBanking.testcases.LoginTest" tests="1" failures="0" timestamp="2020-09-16T23:59:04 IST" time="17.076" errors="0">
  <testcase name="logintoapp" time="17.076" classname="com.eBanking.testcases.LoginTest"/>
</testsuite> <!-- com.eBanking.testcases.LoginTest -->
